0 info it worked if it ends with ok
1 verbose cli [ 'node', '/usr/local/bin/npm', 'run', 'release' ]
2 info using npm@3.5.1
3 info using node@v0.12.2
4 verbose node symlink /usr/local/bin/node
5 verbose run-script [ 'prerelease', 'release', 'postrelease' ]
6 info lifecycle recompose-build@~prerelease: recompose-build@
7 silly lifecycle recompose-build@~prerelease: no script for prerelease, continuing
8 info lifecycle recompose-build@~release: recompose-build@
9 verbose lifecycle recompose-build@~release: unsafe-perm in lifecycle true
10 verbose lifecycle recompose-build@~release: PATH: /usr/local/lib/node_modules/npm/bin/node-gyp-bin:/Users/kevinking/src/recompose/node_modules/.bin:/Users/kevinking/.rvm/gems/ruby-2.2.1/bin:/Users/kevinking/.rvm/gems/ruby-2.2.1@global/bin:/Users/kevinking/.rvm/rubies/ruby-2.2.1/bin:/usr/local/bin:/usr/bin:/bin:/usr/sbin:/sbin:/opt/X11/bin:/usr/local/sbin://Users/kevinking/.rvm/bin:/Users/kevinking/.rvm/bin:/Users/kevinking/.rvm/bin
11 verbose lifecycle recompose-build@~release: CWD: /Users/kevinking/src/recompose
12 silly lifecycle recompose-build@~release: Args: [ '-c', 'babel-node scripts/release.js' ]
13 silly lifecycle recompose-build@~release: Returned: code: 1  signal: null
14 info lifecycle recompose-build@~release: Failed to exec release script
15 verbose stack Error: recompose-build@ release: `babel-node scripts/release.js`
15 verbose stack Exit status 1
15 verbose stack     at EventEmitter.<anonymous> (/usr/local/lib/node_modules/npm/lib/utils/lifecycle.js:232:16)
15 verbose stack     at EventEmitter.emit (events.js:110:17)
15 verbose stack     at ChildProcess.<anonymous> (/usr/local/lib/node_modules/npm/lib/utils/spawn.js:24:14)
15 verbose stack     at ChildProcess.emit (events.js:110:17)
15 verbose stack     at maybeClose (child_process.js:1015:16)
15 verbose stack     at Process.ChildProcess._handle.onexit (child_process.js:1087:5)
16 verbose pkgid recompose-build@
17 verbose cwd /Users/kevinking/src/recompose
18 error Darwin 14.5.0
19 error argv "node" "/usr/local/bin/npm" "run" "release"
20 error node v0.12.2
21 error npm  v3.5.1
22 error code ELIFECYCLE
23 error recompose-build@ release: `babel-node scripts/release.js`
23 error Exit status 1
24 error Failed at the recompose-build@ release script 'babel-node scripts/release.js'.
24 error Make sure you have the latest version of node.js and npm installed.
24 error If you do, this is most likely a problem with the recompose-build package,
24 error not with npm itself.
24 error Tell the author that this fails on your system:
24 error     babel-node scripts/release.js
24 error You can get information on how to open an issue for this project with:
24 error     npm bugs recompose-build
24 error Or if that isn't available, you can get their info via:
24 error     npm owner ls recompose-build
24 error There is likely additional logging output above.
25 verbose exit [ 1, true ]
